c:\users\pbk40\desktop\sr팀폴\framework\maptool\include\debug\maptool.pch
c:\users\pbk40\desktop\sr팀폴\framework\maptool\include\debug\vc142.pdb
c:\users\pbk40\desktop\sr팀폴\framework\maptool\include\debug\vc142.idb
c:\users\pbk40\desktop\sr팀폴\framework\maptool\include\debug\pch.obj
c:\users\pbk40\desktop\sr팀폴\framework\maptool\include\debug\maptoolview.obj
c:\users\pbk40\desktop\sr팀폴\framework\maptool\include\debug\maptooldoc.obj
c:\users\pbk40\desktop\sr팀폴\framework\maptool\include\debug\maptool.obj
c:\users\pbk40\desktop\sr팀폴\framework\maptool\include\debug\mainfrm.obj
c:\users\pbk40\desktop\sr팀폴\framework\maptool\include\debug\form.obj
c:\users\pbk40\desktop\sr팀폴\framework\maptool\include\debug\maptool.ilk
c:\users\pbk40\desktop\sr팀폴\framework\maptool\bin\maptool.exe
c:\users\pbk40\desktop\sr팀폴\framework\maptool\bin\maptool.pdb
c:\users\pbk40\desktop\sr팀폴\framework\maptool\bin\maptool.lib
c:\users\pbk40\desktop\sr팀폴\framework\maptool\bin\maptool.exp
c:\users\pbk40\desktop\sr팀폴\framework\maptool\include\debug\maptool.res
c:\users\pbk40\desktop\sr팀폴\framework\maptool\include\debug\maptool.tlog\cl.command.1.tlog
c:\users\pbk40\desktop\sr팀폴\framework\maptool\include\debug\maptool.tlog\cl.read.1.tlog
c:\users\pbk40\desktop\sr팀폴\framework\maptool\include\debug\maptool.tlog\cl.write.1.tlog
c:\users\pbk40\desktop\sr팀폴\framework\maptool\include\debug\maptool.tlog\link.command.1.tlog
c:\users\pbk40\desktop\sr팀폴\framework\maptool\include\debug\maptool.tlog\link.read.1.tlog
c:\users\pbk40\desktop\sr팀폴\framework\maptool\include\debug\maptool.tlog\link.write.1.tlog
c:\users\pbk40\desktop\sr팀폴\framework\maptool\include\debug\maptool.tlog\maptool.write.1u.tlog
c:\users\pbk40\desktop\sr팀폴\framework\maptool\include\debug\maptool.tlog\rc.command.1.tlog
c:\users\pbk40\desktop\sr팀폴\framework\maptool\include\debug\maptool.tlog\rc.read.1.tlog
c:\users\pbk40\desktop\sr팀폴\framework\maptool\include\debug\maptool.tlog\rc.write.1.tlog
