  Component.cpp
  GameObject.cpp
  Layer.cpp
  Management.cpp
  Scene.cpp
  코드를 생성하고 있습니다...
     ../Bin\Utility.lib 라이브러리 및 ../Bin\Utility.exp 개체를 생성하고 있습니다.
  Utility.vcxproj -> C:\Users\pbk40\Desktop\SR팀폴\FrameWork\Engine\Utility\Bin\Utility.dll
  .\Engine\Headers\Engine_Enum.h
  .\Engine\Headers\Engine_Function.h
  .\Engine\Headers\Engine_Functor.h
  .\Engine\Headers\Engine_Include.h
  .\Engine\Headers\Engine_Macro.h
  .\Engine\Headers\Engine_Struct.h
  .\Engine\Headers\Engine_TypeDef.h
  7개 파일이 복사되었습니다.
  .\Engine\Export\Export_Function.h
  .\Engine\Export\Export_System.h
  .\Engine\Export\Export_System.inl
  .\Engine\Export\Export_Utility.h
  .\Engine\Export\Export_Utility.inl
  5개 파일이 복사되었습니다.
  .\Engine\Utility\Code\Component.h
  .\Engine\Utility\Code\GameObject.h
  .\Engine\Utility\Code\Layer.h
  .\Engine\Utility\Code\Management.h
  .\Engine\Utility\Code\Scene.h
  5개 파일이 복사되었습니다.
  .\Engine\Utility\Bin\Utility.dll
  1개 파일이 복사되었습니다.
  .\Engine\Utility\Bin\Utility.lib
  1개 파일이 복사되었습니다.
