<<<<<<< HEAD
c:\users\user\desktop\sr team project - shadow warriors\framework\engine\system\include\debug\vc142.pdb
c:\users\user\desktop\sr team project - shadow warriors\framework\engine\system\include\debug\vc142.idb
c:\users\user\desktop\sr team project - shadow warriors\framework\engine\system\include\debug\timemgr.obj
c:\users\user\desktop\sr team project - shadow warriors\framework\engine\system\include\debug\inputdev.obj
c:\users\user\desktop\sr team project - shadow warriors\framework\engine\system\include\debug\graphicdev.obj
c:\users\user\desktop\sr team project - shadow warriors\framework\engine\system\include\debug\framemgr.obj
c:\users\user\desktop\sr team project - shadow warriors\framework\engine\system\include\debug\system.ilk
c:\users\user\desktop\sr team project - shadow warriors\framework\engine\system\bin\system.dll
c:\users\user\desktop\sr team project - shadow warriors\framework\engine\system\bin\system.pdb
c:\users\user\desktop\sr team project - shadow warriors\framework\engine\system\bin\system.lib
c:\users\user\desktop\sr team project - shadow warriors\framework\engine\system\bin\system.exp
c:\users\user\desktop\sr team project - shadow warriors\framework\engine\system\include\debug\system.tlog\cl.command.1.tlog
c:\users\user\desktop\sr team project - shadow warriors\framework\engine\system\include\debug\system.tlog\cl.read.1.tlog
c:\users\user\desktop\sr team project - shadow warriors\framework\engine\system\include\debug\system.tlog\cl.write.1.tlog
c:\users\user\desktop\sr team project - shadow warriors\framework\engine\system\include\debug\system.tlog\link.command.1.tlog
c:\users\user\desktop\sr team project - shadow warriors\framework\engine\system\include\debug\system.tlog\link.read.1.tlog
c:\users\user\desktop\sr team project - shadow warriors\framework\engine\system\include\debug\system.tlog\link.write.1.tlog
c:\users\user\desktop\sr team project - shadow warriors\framework\engine\system\include\debug\system.tlog\system.write.1u.tlog
=======
>>>>>>> main
