c:\users\kko\desktop\sr_2team\framework\client\include\debug\client.pch
c:\users\kko\desktop\sr_2team\framework\client\include\debug\vc142.pdb
c:\users\kko\desktop\sr_2team\framework\client\include\debug\vc142.idb
c:\users\kko\desktop\sr_2team\framework\client\include\debug\pch.obj
c:\users\kko\desktop\sr_2team\framework\client\include\debug\client.obj
c:\users\kko\desktop\sr_2team\framework\client\include\debug\mainapp.obj
c:\users\kko\desktop\sr_2team\framework\client\include\debug\logo.obj
c:\users\kko\desktop\sr_2team\framework\client\include\debug\loading.obj
c:\users\kko\desktop\sr_2team\framework\client\include\debug\background.obj
c:\users\kko\desktop\sr_2team\framework\client\bin\client.lib
c:\users\kko\desktop\sr_2team\framework\client\bin\client.exp
c:\users\kko\desktop\sr_2team\framework\client\include\debug\client.ilk
c:\users\kko\desktop\sr_2team\framework\client\bin\client.exe
c:\users\kko\desktop\sr_2team\framework\client\bin\client.pdb
c:\users\kko\desktop\sr_2team\framework\client\include\debug\client.res
c:\users\kko\desktop\sr_2team\framework\client\include\debug\stage.obj
c:\users\kko\desktop\sr_2team\framework\client\include\debug\client.tlog\cl.command.1.tlog
c:\users\kko\desktop\sr_2team\framework\client\include\debug\client.tlog\cl.read.1.tlog
c:\users\kko\desktop\sr_2team\framework\client\include\debug\client.tlog\cl.write.1.tlog
c:\users\kko\desktop\sr_2team\framework\client\include\debug\client.tlog\client.write.1u.tlog
c:\users\kko\desktop\sr_2team\framework\client\include\debug\client.tlog\link.command.1.tlog
c:\users\kko\desktop\sr_2team\framework\client\include\debug\client.tlog\link.read.1.tlog
c:\users\kko\desktop\sr_2team\framework\client\include\debug\client.tlog\link.write.1.tlog
c:\users\kko\desktop\sr_2team\framework\client\include\debug\client.tlog\rc.command.1.tlog
c:\users\kko\desktop\sr_2team\framework\client\include\debug\client.tlog\rc.read.1.tlog
c:\users\kko\desktop\sr_2team\framework\client\include\debug\client.tlog\rc.write.1.tlog
